[INFO ] 2023-03-17 20:37:58.600 [main] LoggerLoad - <!!----Insider base class  ---!!>
[INFO ] 2023-03-17 20:37:59.580 [main] LoggerLoad - <!!----Inside Login Page class sendUsername ---!!>
[INFO ] 2023-03-17 20:40:54.099 [main] LoggerLoad - <!!----Insider base class  ---!!>
[INFO ] 2023-03-17 20:40:55.045 [main] LoggerLoad - <!!----Inside Login Page class sendUsername ---!!>
[INFO ] 2023-03-17 20:43:54.035 [main] BaseClass - <!!----Insider base class  ---!!>
[INFO ] 2023-03-17 20:43:55.108 [main] BaseClass - <$$$$$$$$$$$!!----Inside Login Page class sendUsername ---!!>
[INFO ] 2023-03-17 21:39:36.915 [main] BaseClass - <!!----Insider base class  ---!!>
[INFO ] 2023-03-17 21:39:38.202 [main] BaseClass - <$$$$$$$$$$$!!----Inside Login Page class sendUsername ---!!>
[INFO ] 2023-03-18 17:18:40.447 [main] LoggerLoad - <!!----Inside base class  ---!!>
[INFO ] 2023-03-18 17:18:41.631 [main] LoggerLoad - Inside Login Page class sendUsername
[INFO ] 2023-03-18 17:18:41.631 [main] LoggerLoad - Username sent
[INFO ] 2023-03-18 17:18:41.791 [main] LoggerLoad - Password sent
[INFO ] 2023-03-18 17:18:42.527 [main] LoggerLoad - Login button clicked
[INFO ] 2023-03-18 17:18:42.539 [main] LoggerLoad - Test Passed
[INFO ] 2023-03-18 19:58:49.870 [main] LoggerLoad - <!!----Inside base class  ---!!>
[INFO ] 2023-03-18 19:58:50.932 [main] LoggerLoad - Username sent
[INFO ] 2023-03-18 19:58:51.142 [main] LoggerLoad - Password sent
[INFO ] 2023-03-18 19:58:51.920 [main] LoggerLoad - Login button clicked
[INFO ] 2023-03-18 19:58:51.932 [main] LoggerLoad - Test Passed
[INFO ] 2023-03-18 21:57:00.229 [main] LoggerLoad - Inside base class
[INFO ] 2023-03-18 21:57:06.675 [main] LoggerLoad - Username sent
[INFO ] 2023-03-18 21:57:06.798 [main] LoggerLoad - Password sent
[INFO ] 2023-03-18 21:57:07.421 [main] LoggerLoad - Login button clicked
[INFO ] 2023-03-18 21:57:07.433 [main] LoggerLoad - Test Passed
[INFO ] 2023-03-18 21:57:07.666 [main] LoggerLoad - Inside base class
[INFO ] 2023-03-18 21:57:14.365 [main] LoggerLoad - Username sent
[INFO ] 2023-03-18 21:57:14.388 [main] LoggerLoad - Password sent
[INFO ] 2023-03-18 21:57:14.938 [main] LoggerLoad - Login button clicked
[INFO ] 2023-03-18 21:57:14.949 [main] LoggerLoad - Test Passed
[INFO ] 2023-03-18 21:57:15.869 [main] LoggerLoad - Inside base class
[INFO ] 2023-03-18 21:57:19.837 [main] LoggerLoad - Username sent
[INFO ] 2023-03-18 21:57:20.005 [main] LoggerLoad - Password sent
[INFO ] 2023-03-18 21:57:20.767 [main] LoggerLoad - Login button clicked
[INFO ] 2023-03-18 21:57:20.777 [main] LoggerLoad - Test Passed
[INFO ] 2023-03-18 21:58:28.486 [main] LoggerLoad - Inside base class
[INFO ] 2023-03-18 21:58:30.227 [main] LoggerLoad - chrome browser
[INFO ] 2023-03-18 21:58:31.528 [main] LoggerLoad - Username sent
[INFO ] 2023-03-18 21:58:31.654 [main] LoggerLoad - Password sent
[INFO ] 2023-03-18 21:58:32.259 [main] LoggerLoad - Login button clicked
[INFO ] 2023-03-18 21:58:32.271 [main] LoggerLoad - Test Passed
[INFO ] 2023-03-18 21:58:32.542 [main] LoggerLoad - Inside base class
[INFO ] 2023-03-18 21:58:35.029 [main] LoggerLoad - firefox browser
[INFO ] 2023-03-18 21:58:37.258 [main] LoggerLoad - Username sent
[INFO ] 2023-03-18 21:58:37.281 [main] LoggerLoad - Password sent
[INFO ] 2023-03-18 21:58:38.138 [main] LoggerLoad - Login button clicked
[INFO ] 2023-03-18 21:58:38.142 [main] LoggerLoad - Test Passed
[INFO ] 2023-03-18 21:58:39.107 [main] LoggerLoad - Inside base class
[INFO ] 2023-03-18 21:58:40.167 [main] LoggerLoad - edge browser
[INFO ] 2023-03-18 21:58:41.544 [main] LoggerLoad - Username sent
[INFO ] 2023-03-18 21:58:41.669 [main] LoggerLoad - Password sent
[INFO ] 2023-03-18 21:58:42.270 [main] LoggerLoad - Login button clicked
[INFO ] 2023-03-18 21:58:42.282 [main] LoggerLoad - Test Passed
[INFO ] 2023-03-18 21:59:12.186 [TestNG-test=chrometest-1] LoggerLoad - Inside base class
[INFO ] 2023-03-18 21:59:14.171 [TestNG-test=chrometest-1] LoggerLoad - chrome browser
[INFO ] 2023-03-18 21:59:15.586 [TestNG-test=chrometest-1] LoggerLoad - Username sent
[INFO ] 2023-03-18 21:59:15.717 [TestNG-test=chrometest-1] LoggerLoad - Password sent
[INFO ] 2023-03-18 21:59:16.377 [TestNG-test=chrometest-1] LoggerLoad - Login button clicked
[INFO ] 2023-03-18 21:59:16.386 [TestNG-test=chrometest-1] LoggerLoad - Test Passed
[INFO ] 2023-03-18 21:59:16.585 [TestNG-test=firefoxfest-1] LoggerLoad - Inside base class
[INFO ] 2023-03-18 21:59:19.041 [TestNG-test=firefoxfest-1] LoggerLoad - firefox browser
[INFO ] 2023-03-18 21:59:20.740 [TestNG-test=firefoxfest-1] LoggerLoad - Username sent
[INFO ] 2023-03-18 21:59:20.794 [TestNG-test=firefoxfest-1] LoggerLoad - Password sent
[INFO ] 2023-03-18 21:59:21.199 [TestNG-test=firefoxfest-1] LoggerLoad - Login button clicked
[INFO ] 2023-03-18 21:59:21.204 [TestNG-test=firefoxfest-1] LoggerLoad - Test Passed
[INFO ] 2023-03-18 21:59:22.125 [TestNG-test=edgetest-1] LoggerLoad - Inside base class
[INFO ] 2023-03-18 21:59:23.130 [TestNG-test=edgetest-1] LoggerLoad - edge browser
[INFO ] 2023-03-18 21:59:24.188 [TestNG-test=edgetest-1] LoggerLoad - Username sent
[INFO ] 2023-03-18 21:59:24.399 [TestNG-test=edgetest-1] LoggerLoad - Password sent
[INFO ] 2023-03-18 21:59:25.134 [TestNG-test=edgetest-1] LoggerLoad - Login button clicked
[INFO ] 2023-03-18 21:59:25.148 [TestNG-test=edgetest-1] LoggerLoad - Test Passed
[INFO ] 2023-03-18 21:59:49.260 [main] LoggerLoad - Inside base class
[INFO ] 2023-03-18 21:59:50.877 [main] LoggerLoad - chrome browser
[INFO ] 2023-03-18 21:59:52.380 [main] LoggerLoad - Username sent
[INFO ] 2023-03-18 21:59:52.506 [main] LoggerLoad - Password sent
[INFO ] 2023-03-18 21:59:53.193 [main] LoggerLoad - Login button clicked
[INFO ] 2023-03-18 21:59:53.202 [main] LoggerLoad - Test Passed
[INFO ] 2023-03-18 21:59:53.420 [main] LoggerLoad - Inside base class
[INFO ] 2023-03-18 21:59:55.876 [main] LoggerLoad - firefox browser
[INFO ] 2023-03-18 21:59:57.346 [main] LoggerLoad - Username sent
[INFO ] 2023-03-18 21:59:57.385 [main] LoggerLoad - Password sent
[INFO ] 2023-03-18 21:59:57.934 [main] LoggerLoad - Login button clicked
[INFO ] 2023-03-18 21:59:57.944 [main] LoggerLoad - Test Passed
[INFO ] 2023-03-18 21:59:58.767 [main] LoggerLoad - Inside base class
[INFO ] 2023-03-18 21:59:59.741 [main] LoggerLoad - edge browser
[INFO ] 2023-03-18 22:00:01.071 [main] LoggerLoad - Username sent
[INFO ] 2023-03-18 22:00:01.221 [main] LoggerLoad - Password sent
[INFO ] 2023-03-18 22:00:01.898 [main] LoggerLoad - Login button clicked
[INFO ] 2023-03-18 22:00:01.912 [main] LoggerLoad - Test Passed
[INFO ] 2023-03-18 22:00:12.783 [TestNG-test=chrometest-1] LoggerLoad - Inside base class
[INFO ] 2023-03-18 22:00:14.482 [TestNG-test=chrometest-1] LoggerLoad - chrome browser
[INFO ] 2023-03-18 22:00:15.907 [TestNG-test=chrometest-1] LoggerLoad - Username sent
[INFO ] 2023-03-18 22:00:15.990 [TestNG-test=chrometest-1] LoggerLoad - Password sent
[INFO ] 2023-03-18 22:00:16.796 [TestNG-test=chrometest-1] LoggerLoad - Login button clicked
[INFO ] 2023-03-18 22:00:16.810 [TestNG-test=chrometest-1] LoggerLoad - Test Passed
[INFO ] 2023-03-18 22:00:17.026 [TestNG-test=firefoxfest-1] LoggerLoad - Inside base class
[INFO ] 2023-03-18 22:00:19.425 [TestNG-test=firefoxfest-1] LoggerLoad - firefox browser
[INFO ] 2023-03-18 22:00:20.905 [TestNG-test=firefoxfest-1] LoggerLoad - Username sent
[INFO ] 2023-03-18 22:00:20.925 [TestNG-test=firefoxfest-1] LoggerLoad - Password sent
[INFO ] 2023-03-18 22:00:21.365 [TestNG-test=firefoxfest-1] LoggerLoad - Login button clicked
[INFO ] 2023-03-18 22:00:21.372 [TestNG-test=firefoxfest-1] LoggerLoad - Test Passed
[INFO ] 2023-03-18 22:00:22.222 [TestNG-test=edgetest-1] LoggerLoad - Inside base class
[INFO ] 2023-03-18 22:00:23.172 [TestNG-test=edgetest-1] LoggerLoad - edge browser
[INFO ] 2023-03-18 22:00:24.254 [TestNG-test=edgetest-1] LoggerLoad - Username sent
[INFO ] 2023-03-18 22:00:24.408 [TestNG-test=edgetest-1] LoggerLoad - Password sent
[INFO ] 2023-03-18 22:00:25.119 [TestNG-test=edgetest-1] LoggerLoad - Login button clicked
[INFO ] 2023-03-18 22:00:25.130 [TestNG-test=edgetest-1] LoggerLoad - Test Passed
[INFO ] 2023-03-18 22:03:08.999 [TestNG-test=chrometest-1] LoggerLoad - Inside base class
[INFO ] 2023-03-18 22:03:10.792 [TestNG-test=chrometest-1] LoggerLoad - chrome browser
[INFO ] 2023-03-18 22:03:12.353 [TestNG-test=chrometest-1] LoggerLoad - Username sent
[INFO ] 2023-03-18 22:03:12.472 [TestNG-test=chrometest-1] LoggerLoad - Password sent
[INFO ] 2023-03-18 22:03:13.161 [TestNG-test=chrometest-1] LoggerLoad - Login button clicked
[INFO ] 2023-03-18 22:03:13.175 [TestNG-test=chrometest-1] LoggerLoad - Test Passed
[INFO ] 2023-03-18 22:03:13.410 [TestNG-test=firefoxfest-1] LoggerLoad - Inside base class
[INFO ] 2023-03-18 22:03:15.832 [TestNG-test=firefoxfest-1] LoggerLoad - firefox browser
[INFO ] 2023-03-18 22:03:17.757 [TestNG-test=firefoxfest-1] LoggerLoad - Username sent
[INFO ] 2023-03-18 22:03:17.807 [TestNG-test=firefoxfest-1] LoggerLoad - Password sent
[INFO ] 2023-03-18 22:03:18.209 [TestNG-test=firefoxfest-1] LoggerLoad - Login button clicked
[INFO ] 2023-03-18 22:03:18.214 [TestNG-test=firefoxfest-1] LoggerLoad - Test Passed
[INFO ] 2023-03-18 22:03:19.031 [TestNG-test=edgetest-1] LoggerLoad - Inside base class
[INFO ] 2023-03-18 22:03:20.043 [TestNG-test=edgetest-1] LoggerLoad - edge browser
[INFO ] 2023-03-18 22:03:22.270 [TestNG-test=edgetest-1] LoggerLoad - Username sent
[INFO ] 2023-03-18 22:03:22.426 [TestNG-test=edgetest-1] LoggerLoad - Password sent
[INFO ] 2023-03-18 22:03:23.093 [TestNG-test=edgetest-1] LoggerLoad - Login button clicked
[INFO ] 2023-03-18 22:03:23.106 [TestNG-test=edgetest-1] LoggerLoad - Test Passed
[INFO ] 2023-03-18 22:03:41.458 [TestNG-tests-3] LoggerLoad - Inside base class
[INFO ] 2023-03-18 22:03:41.458 [TestNG-tests-2] LoggerLoad - Inside base class
[INFO ] 2023-03-18 22:03:41.458 [TestNG-tests-1] LoggerLoad - Inside base class
[INFO ] 2023-03-18 22:03:43.695 [TestNG-tests-1] LoggerLoad - chrome browser
[INFO ] 2023-03-18 22:03:43.753 [TestNG-tests-3] LoggerLoad - edge browser
[INFO ] 2023-03-18 22:03:46.394 [TestNG-tests-2] LoggerLoad - firefox browser
[INFO ] 2023-03-18 22:03:46.440 [TestNG-tests-1] LoggerLoad - Username sent
[INFO ] 2023-03-18 22:03:46.623 [TestNG-tests-3] LoggerLoad - Username sent
[INFO ] 2023-03-18 22:03:46.744 [TestNG-tests-1] LoggerLoad - Password sent
[INFO ] 2023-03-18 22:03:46.788 [TestNG-tests-3] LoggerLoad - Password sent
[INFO ] 2023-03-18 22:03:47.003 [TestNG-tests-1] LoggerLoad - Login button clicked
[INFO ] 2023-03-18 22:04:45.725 [main] LoggerLoad - Inside base class
[INFO ] 2023-03-18 22:04:47.590 [main] LoggerLoad - chrome browser
[INFO ] 2023-03-18 22:04:49.118 [main] LoggerLoad - Username sent
[INFO ] 2023-03-18 22:04:49.249 [main] LoggerLoad - Password sent
[INFO ] 2023-03-18 22:04:49.934 [main] LoggerLoad - Login button clicked
[INFO ] 2023-03-18 22:04:49.943 [main] LoggerLoad - Test Passed
[INFO ] 2023-03-18 22:04:50.147 [main] LoggerLoad - Inside base class
[INFO ] 2023-03-18 22:04:52.756 [main] LoggerLoad - firefox browser
[INFO ] 2023-03-18 22:04:54.587 [main] LoggerLoad - Username sent
[INFO ] 2023-03-18 22:04:54.634 [main] LoggerLoad - Password sent
[INFO ] 2023-03-18 22:04:55.296 [main] LoggerLoad - Login button clicked
[INFO ] 2023-03-18 22:04:55.300 [main] LoggerLoad - Test Passed
[INFO ] 2023-03-18 22:04:56.158 [main] LoggerLoad - Inside base class
[INFO ] 2023-03-18 22:04:58.803 [main] LoggerLoad - edge browser
[INFO ] 2023-03-18 22:05:00.611 [main] LoggerLoad - Username sent
[INFO ] 2023-03-18 22:05:00.684 [main] LoggerLoad - Password sent
[INFO ] 2023-03-18 22:05:01.361 [main] LoggerLoad - Login button clicked
[INFO ] 2023-03-18 22:05:01.372 [main] LoggerLoad - Test Passed
[INFO ] 2023-03-18 22:05:37.461 [TestNG-tests-2] LoggerLoad - Inside base class
[INFO ] 2023-03-18 22:05:37.461 [TestNG-tests-3] LoggerLoad - Inside base class
[INFO ] 2023-03-18 22:05:37.461 [TestNG-tests-1] LoggerLoad - Inside base class
[INFO ] 2023-03-18 22:05:39.433 [TestNG-tests-1] LoggerLoad - chrome browser
[INFO ] 2023-03-18 22:05:41.269 [TestNG-tests-3] LoggerLoad - edge browser
[INFO ] 2023-03-18 22:05:41.477 [TestNG-tests-1] LoggerLoad - Username sent
[INFO ] 2023-03-18 22:05:41.617 [TestNG-tests-1] LoggerLoad - Password sent
[INFO ] 2023-03-18 22:05:42.673 [TestNG-tests-2] LoggerLoad - firefox browser
[INFO ] 2023-03-18 22:05:42.708 [TestNG-tests-1] LoggerLoad - Login button clicked
[INFO ] 2023-03-18 22:07:17.533 [main] LoggerLoad - Inside base class
[INFO ] 2023-03-18 22:07:19.745 [main] LoggerLoad - chrome browser
[INFO ] 2023-03-18 22:07:20.713 [main] LoggerLoad - Username sent
[INFO ] 2023-03-18 22:07:20.813 [main] LoggerLoad - Password sent
[INFO ] 2023-03-18 22:07:21.479 [main] LoggerLoad - Login button clicked
[INFO ] 2023-03-18 22:07:21.489 [main] LoggerLoad - Test Passed
[INFO ] 2023-03-18 22:07:21.696 [main] LoggerLoad - Inside base class
[INFO ] 2023-03-18 22:07:24.237 [main] LoggerLoad - firefox browser
[INFO ] 2023-03-18 22:07:25.874 [main] LoggerLoad - Username sent
[INFO ] 2023-03-18 22:07:25.915 [main] LoggerLoad - Password sent
[INFO ] 2023-03-18 22:07:26.753 [main] LoggerLoad - Login button clicked
[INFO ] 2023-03-18 22:07:26.762 [main] LoggerLoad - Test Passed
[INFO ] 2023-03-18 22:07:27.698 [main] LoggerLoad - Inside base class
[INFO ] 2023-03-18 22:07:30.233 [main] LoggerLoad - edge browser
[INFO ] 2023-03-18 22:07:31.232 [main] LoggerLoad - Username sent
[INFO ] 2023-03-18 22:07:31.312 [main] LoggerLoad - Password sent
[INFO ] 2023-03-18 22:07:32.082 [main] LoggerLoad - Login button clicked
[INFO ] 2023-03-18 22:07:32.099 [main] LoggerLoad - Test Passed
[INFO ] 2023-03-18 23:49:01.985 [main] LoggerLoad - Inside base class
[INFO ] 2023-03-18 23:49:04.035 [main] LoggerLoad - chrome browser
[INFO ] 2023-03-18 23:49:04.928 [main] LoggerLoad - Username sent
[INFO ] 2023-03-18 23:49:05.085 [main] LoggerLoad - Password sent
[INFO ] 2023-03-18 23:49:05.732 [main] LoggerLoad - Login button clicked
[INFO ] 2023-03-18 23:49:05.744 [main] LoggerLoad - Test Passed
[INFO ] 2023-03-18 23:50:14.583 [main] LoggerLoad - Inside base class
[INFO ] 2023-03-18 23:50:16.376 [main] LoggerLoad - chrome browser
[INFO ] 2023-03-18 23:50:17.434 [main] LoggerLoad - Username sent
[INFO ] 2023-03-18 23:50:17.517 [main] LoggerLoad - Password sent
[INFO ] 2023-03-18 23:50:18.249 [main] LoggerLoad - Login button clicked
[INFO ] 2023-03-18 23:50:18.260 [main] LoggerLoad - Test Passed
[INFO ] 2023-03-18 23:54:08.674 [main] LoggerLoad - Inside base class
[INFO ] 2023-03-18 23:54:12.112 [main] LoggerLoad - chrome browser
[INFO ] 2023-03-18 23:54:13.243 [main] LoggerLoad - Username sent
[INFO ] 2023-03-18 23:54:13.325 [main] LoggerLoad - Password sent
[INFO ] 2023-03-18 23:54:14.037 [main] LoggerLoad - Login button clicked
[INFO ] 2023-03-18 23:54:14.053 [main] LoggerLoad - Test Passed
[INFO ] 2023-03-19 18:19:47.522 [main] LoggerLoad - Inside base class
[INFO ] 2023-03-19 18:19:51.315 [main] LoggerLoad - chrome browser
[INFO ] 2023-03-19 18:19:52.243 [main] LoggerLoad - Username sent
[INFO ] 2023-03-19 18:19:52.324 [main] LoggerLoad - Password sent
[INFO ] 2023-03-19 18:19:52.980 [main] LoggerLoad - Login button clicked
[INFO ] 2023-03-19 18:19:52.989 [main] LoggerLoad - Test Passed
[INFO ] 2023-03-19 20:06:40.697 [main] LoggerLoad - Inside base class
[INFO ] 2023-03-19 20:06:44.830 [main] LoggerLoad - chrome browser
[INFO ] 2023-03-19 20:06:46.238 [main] LoggerLoad - Username sent
[INFO ] 2023-03-19 20:06:46.321 [main] LoggerLoad - Password sent
[INFO ] 2023-03-19 20:06:47.138 [main] LoggerLoad - Login button clicked
[INFO ] 2023-03-19 20:06:47.151 [main] LoggerLoad - Test Passed
[INFO ] 2023-03-19 20:10:29.567 [main] LoggerLoad - Inside base class
[INFO ] 2023-03-19 20:10:34.032 [main] LoggerLoad - chrome browser
[INFO ] 2023-03-19 20:10:34.938 [main] LoggerLoad - Username sent
[INFO ] 2023-03-19 20:10:35.027 [main] LoggerLoad - Password sent
[INFO ] 2023-03-19 20:10:35.673 [main] LoggerLoad - Login button clicked
[INFO ] 2023-03-19 20:10:35.688 [main] LoggerLoad - Test Passed
[INFO ] 2023-03-19 20:15:42.695 [main] LoggerLoad - Inside base class
[INFO ] 2023-03-19 20:15:46.665 [main] LoggerLoad - chrome browser
[INFO ] 2023-03-19 20:15:48.023 [main] LoggerLoad - Username sent
[INFO ] 2023-03-19 20:15:48.275 [main] LoggerLoad - Password sent
[INFO ] 2023-03-19 20:15:49.118 [main] LoggerLoad - Login button clicked
[INFO ] 2023-03-19 20:15:49.130 [main] LoggerLoad - Test Passed
[INFO ] 2023-03-19 20:24:50.428 [main] LoggerLoad - Inside base class
[INFO ] 2023-03-19 20:24:54.419 [main] LoggerLoad - chrome browser
[INFO ] 2023-03-19 20:24:55.648 [main] LoggerLoad - Username sent
[INFO ] 2023-03-19 20:24:55.754 [main] LoggerLoad - Password sent
[INFO ] 2023-03-19 20:24:56.642 [main] LoggerLoad - Login button clicked
[INFO ] 2023-03-19 20:24:56.657 [main] LoggerLoad - Test Passed
[INFO ] 2023-03-19 20:30:45.644 [main] LoggerLoad - Inside base class
[INFO ] 2023-03-19 20:30:49.016 [main] LoggerLoad - chrome browser
[INFO ] 2023-03-19 20:30:49.907 [main] LoggerLoad - Username sent
[INFO ] 2023-03-19 20:30:50.038 [main] LoggerLoad - Password sent
[INFO ] 2023-03-19 20:30:50.741 [main] LoggerLoad - Login button clicked
[INFO ] 2023-03-19 20:30:50.753 [main] LoggerLoad - Test Passed
[INFO ] 2023-03-19 20:32:43.473 [main] LoggerLoad - Inside base class
[INFO ] 2023-03-19 20:32:45.259 [main] LoggerLoad - chrome browser
[INFO ] 2023-03-19 20:32:46.439 [main] LoggerLoad - Username sent
[INFO ] 2023-03-19 20:32:46.526 [main] LoggerLoad - Password sent
[INFO ] 2023-03-19 20:32:47.259 [main] LoggerLoad - Login button clicked
[INFO ] 2023-03-19 20:32:47.272 [main] LoggerLoad - Test Passed
[INFO ] 2023-03-19 20:34:48.119 [main] LoggerLoad - Inside base class
[INFO ] 2023-03-19 20:34:51.620 [main] LoggerLoad - chrome browser
[INFO ] 2023-03-19 20:34:52.465 [main] LoggerLoad - Username sent
[INFO ] 2023-03-19 20:34:52.553 [main] LoggerLoad - Password sent
[INFO ] 2023-03-19 20:34:53.318 [main] LoggerLoad - Login button clicked
[INFO ] 2023-03-19 20:34:53.329 [main] LoggerLoad - Test Passed
[INFO ] 2023-03-19 20:36:46.497 [main] LoggerLoad - Inside base class
[INFO ] 2023-03-19 20:36:48.104 [main] LoggerLoad - chrome browser
[INFO ] 2023-03-19 20:36:49.529 [main] LoggerLoad - Username sent
[INFO ] 2023-03-19 20:36:49.612 [main] LoggerLoad - Password sent
[INFO ] 2023-03-19 20:36:50.348 [main] LoggerLoad - Login button clicked
[INFO ] 2023-03-19 20:36:50.362 [main] LoggerLoad - Test Passed
[INFO ] 2023-03-19 20:41:17.585 [main] LoggerLoad - Inside base class
[INFO ] 2023-03-19 20:41:21.024 [main] LoggerLoad - chrome browser
[INFO ] 2023-03-19 20:41:21.961 [main] LoggerLoad - Username sent
[INFO ] 2023-03-19 20:41:22.077 [main] LoggerLoad - Password sent
[INFO ] 2023-03-19 20:41:22.775 [main] LoggerLoad - Login button clicked
[INFO ] 2023-03-19 20:41:22.790 [main] LoggerLoad - Test Passed
[INFO ] 2023-03-19 20:44:43.649 [main] LoggerLoad - Inside base class
[INFO ] 2023-03-19 20:44:47.234 [main] LoggerLoad - chrome browser
[INFO ] 2023-03-19 20:44:48.601 [main] LoggerLoad - Username sent
[INFO ] 2023-03-19 20:44:48.699 [main] LoggerLoad - Password sent
[INFO ] 2023-03-19 20:44:49.417 [main] LoggerLoad - Login button clicked
[INFO ] 2023-03-19 20:44:49.430 [main] LoggerLoad - Test Passed
[INFO ] 2023-03-19 20:45:19.120 [main] LoggerLoad - Inside base class
[INFO ] 2023-03-19 20:45:20.832 [main] LoggerLoad - chrome browser
[INFO ] 2023-03-19 20:45:22.021 [main] LoggerLoad - Username sent
[INFO ] 2023-03-19 20:45:22.167 [main] LoggerLoad - Password sent
[INFO ] 2023-03-19 20:45:22.936 [main] LoggerLoad - Login button clicked
[INFO ] 2023-03-19 20:45:22.947 [main] LoggerLoad - Test Passed
[INFO ] 2023-03-20 21:30:54.355 [main] LoggerLoad - Inside base class
[INFO ] 2023-03-20 21:31:00.864 [main] LoggerLoad - chrome browser
[INFO ] 2023-03-20 21:31:01.764 [main] LoggerLoad - Username sent
[INFO ] 2023-03-20 21:31:01.912 [main] LoggerLoad - Password sent
[INFO ] 2023-03-20 21:31:02.623 [main] LoggerLoad - Login button clicked
[INFO ] 2023-03-20 21:31:02.632 [main] LoggerLoad - Test Passed
[INFO ] 2023-03-20 21:32:16.448 [main] LoggerLoad - Inside base class
[INFO ] 2023-03-20 21:32:18.468 [main] LoggerLoad - chrome browser
[INFO ] 2023-03-20 21:32:19.752 [main] LoggerLoad - Username sent
[INFO ] 2023-03-20 21:32:20.017 [main] LoggerLoad - Password sent
[INFO ] 2023-03-20 21:32:20.907 [main] LoggerLoad - Login button clicked
[INFO ] 2023-03-21 23:35:46.694 [main] LoggerLoad - Inside base class
[INFO ] 2023-03-21 23:35:50.475 [main] LoggerLoad - chrome browser
[INFO ] 2023-03-21 23:40:39.780 [main] LoggerLoad - Inside base class
[INFO ] 2023-03-21 23:40:43.227 [main] LoggerLoad - chrome browser
[INFO ] 2023-03-21 23:43:51.270 [main] LoggerLoad - Inside base class
[INFO ] 2023-03-21 23:43:54.486 [main] LoggerLoad - chrome browser
[INFO ] 2023-03-21 23:45:41.501 [main] LoggerLoad - Inside base class
[INFO ] 2023-03-21 23:45:43.122 [main] LoggerLoad - chrome browser
[INFO ] 2023-03-21 23:47:15.135 [main] LoggerLoad - Inside base class
[INFO ] 2023-03-21 23:47:16.900 [main] LoggerLoad - chrome browser
[INFO ] 2023-03-21 23:49:47.716 [main] LoggerLoad - Inside base class
[INFO ] 2023-03-21 23:49:50.991 [main] LoggerLoad - chrome browser
[INFO ] 2023-03-21 23:49:51.898 [main] LoggerLoad - Username sent
[INFO ] 2023-03-21 23:49:52.043 [main] LoggerLoad - Password sent
[INFO ] 2023-03-21 23:49:52.701 [main] LoggerLoad - Login button clicked
[INFO ] 2023-03-21 23:50:35.522 [main] LoggerLoad - Inside base class
[INFO ] 2023-03-21 23:50:37.210 [main] LoggerLoad - chrome browser
[INFO ] 2023-03-21 23:50:38.193 [main] LoggerLoad - Username sent
[INFO ] 2023-03-21 23:50:38.292 [main] LoggerLoad - Password sent
[INFO ] 2023-03-21 23:50:39.026 [main] LoggerLoad - Login button clicked
[INFO ] 2023-03-21 23:50:39.041 [main] LoggerLoad - Test Passed
[INFO ] 2023-03-21 23:51:04.768 [main] LoggerLoad - Inside base class
[INFO ] 2023-03-21 23:51:06.414 [main] LoggerLoad - chrome browser
[INFO ] 2023-03-22 00:01:29.849 [main] LoggerLoad - Inside base class
[INFO ] 2023-03-22 00:01:31.636 [main] LoggerLoad - chrome browser
[INFO ] 2023-03-22 00:05:00.053 [main] LoggerLoad - Inside base class
[INFO ] 2023-03-22 00:05:01.858 [main] LoggerLoad - chrome browser
[INFO ] 2023-03-22 00:06:48.900 [main] LoggerLoad - Inside base class
[INFO ] 2023-03-22 00:06:50.598 [main] LoggerLoad - chrome browser
[INFO ] 2023-03-22 00:09:20.073 [main] LoggerLoad - Inside base class
[INFO ] 2023-03-22 00:09:23.363 [main] LoggerLoad - chrome browser
[INFO ] 2023-03-22 00:09:25.924 [main] LoggerLoad - user name entered
[INFO ] 2023-03-22 00:09:26.023 [main] LoggerLoad - password entered
[INFO ] 2023-03-22 00:09:29.688 [main] LoggerLoad - Login Passed
[INFO ] 2023-03-22 00:09:34.070 [main] LoggerLoad - user name entered
[INFO ] 2023-03-22 00:09:34.118 [main] LoggerLoad - password entered
[INFO ] 2023-03-22 00:09:38.492 [main] LoggerLoad - user name entered
[INFO ] 2023-03-22 00:09:38.584 [main] LoggerLoad - password entered
[INFO ] 2023-03-22 00:09:43.046 [main] LoggerLoad - user name entered
[INFO ] 2023-03-22 00:09:43.106 [main] LoggerLoad - password entered
[INFO ] 2023-03-22 00:09:46.738 [main] LoggerLoad - Login Passed
[INFO ] 2023-03-22 00:13:18.177 [main] LoggerLoad - Inside base class
[INFO ] 2023-03-22 00:13:21.418 [main] LoggerLoad - chrome browser
[INFO ] 2023-03-22 00:13:23.811 [main] LoggerLoad - user name entered
[INFO ] 2023-03-22 00:13:23.983 [main] LoggerLoad - password entered
[INFO ] 2023-03-22 00:13:27.638 [main] LoggerLoad - Login Passed
[INFO ] 2023-03-22 00:13:31.898 [main] LoggerLoad - user name entered
[INFO ] 2023-03-22 00:13:31.972 [main] LoggerLoad - password entered
[INFO ] 2023-03-22 00:13:36.264 [main] LoggerLoad - user name entered
[INFO ] 2023-03-22 00:13:36.325 [main] LoggerLoad - password entered
[INFO ] 2023-03-22 00:13:40.586 [main] LoggerLoad - user name entered
[INFO ] 2023-03-22 00:13:40.740 [main] LoggerLoad - password entered
[INFO ] 2023-03-22 00:13:44.357 [main] LoggerLoad - Login Passed
[INFO ] 2023-03-22 00:16:22.078 [main] LoggerLoad - Inside base class
[INFO ] 2023-03-22 00:16:24.005 [main] LoggerLoad - chrome browser
[INFO ] 2023-03-22 00:16:26.625 [main] LoggerLoad - user name entered
[INFO ] 2023-03-22 00:16:26.715 [main] LoggerLoad - password entered
[INFO ] 2023-03-22 00:16:30.420 [main] LoggerLoad - Login Passed
[INFO ] 2023-03-22 00:16:34.780 [main] LoggerLoad - user name entered
[INFO ] 2023-03-22 00:16:34.827 [main] LoggerLoad - password entered
[INFO ] 2023-03-22 00:16:39.329 [main] LoggerLoad - user name entered
[INFO ] 2023-03-22 00:16:39.392 [main] LoggerLoad - password entered
[INFO ] 2023-03-22 00:16:43.827 [main] LoggerLoad - user name entered
[INFO ] 2023-03-22 00:16:43.883 [main] LoggerLoad - password entered
[INFO ] 2023-03-22 00:16:47.530 [main] LoggerLoad - Login Passed
[INFO ] 2023-03-22 00:19:52.979 [main] LoggerLoad - Inside base class
[INFO ] 2023-03-22 00:19:56.836 [main] LoggerLoad - chrome browser
[INFO ] 2023-03-22 00:19:59.870 [main] LoggerLoad - user name entered
[INFO ] 2023-03-22 00:20:00.119 [main] LoggerLoad - password entered
[INFO ] 2023-03-22 00:20:03.856 [main] LoggerLoad - Login Passed
[INFO ] 2023-03-22 00:20:08.326 [main] LoggerLoad - user name entered
[INFO ] 2023-03-22 00:20:08.442 [main] LoggerLoad - password entered
[INFO ] 2023-03-22 00:20:12.822 [main] LoggerLoad - user name entered
[INFO ] 2023-03-22 00:20:12.873 [main] LoggerLoad - password entered
[INFO ] 2023-03-22 00:20:17.197 [main] LoggerLoad - user name entered
[INFO ] 2023-03-22 00:20:17.241 [main] LoggerLoad - password entered
[INFO ] 2023-03-22 00:20:20.863 [main] LoggerLoad - Login Passed
[INFO ] 2023-03-22 00:27:53.215 [main] LoggerLoad - Inside base class
[INFO ] 2023-03-22 00:27:56.664 [main] LoggerLoad - chrome browser
[INFO ] 2023-03-22 00:27:59.379 [main] LoggerLoad - user name entered
[INFO ] 2023-03-22 00:27:59.510 [main] LoggerLoad - password entered
[INFO ] 2023-03-22 00:28:03.167 [main] LoggerLoad - Login Passed
[INFO ] 2023-03-22 00:28:07.663 [main] LoggerLoad - user name entered
[INFO ] 2023-03-22 00:28:07.719 [main] LoggerLoad - password entered
[INFO ] 2023-03-22 00:28:10.930 [main] LoggerLoad - Login Failed
[INFO ] 2023-03-22 00:28:12.179 [main] LoggerLoad - user name entered
[INFO ] 2023-03-22 00:28:12.228 [main] LoggerLoad - password entered
[INFO ] 2023-03-22 00:28:15.401 [main] LoggerLoad - Login Failed
[INFO ] 2023-03-22 00:28:16.640 [main] LoggerLoad - user name entered
[INFO ] 2023-03-22 00:28:16.697 [main] LoggerLoad - password entered
[INFO ] 2023-03-22 00:28:20.298 [main] LoggerLoad - Login Passed
[INFO ] 2023-03-22 00:35:31.513 [main] LoggerLoad - Inside base class
[INFO ] 2023-03-22 00:35:34.881 [main] LoggerLoad - chrome browser
[INFO ] 2023-03-22 00:35:37.440 [main] LoggerLoad - user name entered
[INFO ] 2023-03-22 00:35:37.643 [main] LoggerLoad - password entered
[INFO ] 2023-03-22 00:35:41.417 [main] LoggerLoad - Login Passed
[INFO ] 2023-03-22 00:35:45.962 [main] LoggerLoad - user name entered
[INFO ] 2023-03-22 00:35:46.036 [main] LoggerLoad - password entered
[INFO ] 2023-03-22 00:35:49.231 [main] LoggerLoad - Login Failed
[INFO ] 2023-03-22 00:35:50.690 [main] LoggerLoad - user name entered
[INFO ] 2023-03-22 00:35:50.762 [main] LoggerLoad - password entered
[INFO ] 2023-03-22 00:35:53.955 [main] LoggerLoad - Login Failed
[INFO ] 2023-03-22 00:35:55.360 [main] LoggerLoad - user name entered
[INFO ] 2023-03-22 00:35:55.441 [main] LoggerLoad - password entered
[INFO ] 2023-03-22 00:35:59.095 [main] LoggerLoad - Login Passed
[INFO ] 2023-03-22 15:25:55.806 [main] LoggerLoad - Inside base class
[INFO ] 2023-03-22 15:26:00.580 [main] LoggerLoad - chrome browser
[INFO ] 2023-03-22 15:30:28.327 [main] LoggerLoad - Inside base class
[INFO ] 2023-03-22 15:30:31.942 [main] LoggerLoad - chrome browser
[INFO ] 2023-03-22 15:31:13.472 [main] LoggerLoad - Inside base class
[INFO ] 2023-03-22 15:31:15.149 [main] LoggerLoad - chrome browser
[INFO ] 2023-03-22 15:34:05.308 [main] LoggerLoad - Inside base class
[INFO ] 2023-03-22 15:34:08.568 [main] LoggerLoad - chrome browser
[INFO ] 2023-03-22 15:35:35.385 [main] LoggerLoad - Inside base class
[INFO ] 2023-03-22 15:35:37.055 [main] LoggerLoad - chrome browser
[INFO ] 2023-03-22 15:36:52.996 [main] LoggerLoad - Inside base class
[INFO ] 2023-03-22 15:36:54.944 [main] LoggerLoad - chrome browser
[INFO ] 2023-03-22 15:40:09.740 [main] LoggerLoad - Inside base class
[INFO ] 2023-03-22 15:40:12.996 [main] LoggerLoad - chrome browser
[INFO ] 2023-03-22 15:43:25.327 [main] LoggerLoad - Inside base class
[INFO ] 2023-03-22 15:43:28.576 [main] LoggerLoad - chrome browser
[INFO ] 2023-03-22 15:43:29.460 [main] LoggerLoad - Username sent
[INFO ] 2023-03-22 15:43:29.593 [main] LoggerLoad - Password sent
[INFO ] 2023-03-22 15:43:30.324 [main] LoggerLoad - Login button clicked
[INFO ] 2023-03-22 15:43:30.338 [main] LoggerLoad - Test Passed
[INFO ] 2023-03-22 15:45:51.668 [main] LoggerLoad - Inside base class
[INFO ] 2023-03-22 15:45:54.907 [main] LoggerLoad - chrome browser
[INFO ] 2023-03-22 15:45:55.936 [main] LoggerLoad - Username sent
[INFO ] 2023-03-22 15:45:56.035 [main] LoggerLoad - Password sent
[INFO ] 2023-03-22 15:45:56.703 [main] LoggerLoad - Login button clicked
[INFO ] 2023-03-22 15:51:25.937 [main] LoggerLoad - Inside base class
[INFO ] 2023-03-22 15:51:29.201 [main] LoggerLoad - chrome browser
[INFO ] 2023-03-22 15:51:30.934 [main] LoggerLoad - user name entered
[INFO ] 2023-03-22 15:51:31.086 [main] LoggerLoad - password entered
[INFO ] 2023-03-22 15:51:34.856 [main] LoggerLoad - Login Passed
[INFO ] 2023-03-22 15:51:39.367 [main] LoggerLoad - user name entered
[INFO ] 2023-03-22 15:51:39.429 [main] LoggerLoad - password entered
[INFO ] 2023-03-22 15:52:17.868 [main] LoggerLoad - Login Passed
[INFO ] 2023-03-22 15:53:07.301 [main] LoggerLoad - Inside base class
[INFO ] 2023-03-22 15:53:08.981 [main] LoggerLoad - chrome browser
[INFO ] 2023-03-22 15:53:10.681 [main] LoggerLoad - user name entered
[INFO ] 2023-03-22 15:53:10.813 [main] LoggerLoad - password entered
[INFO ] 2023-03-22 15:53:14.607 [main] LoggerLoad - Login Passed
[INFO ] 2023-03-22 15:53:19.208 [main] LoggerLoad - user name entered
[INFO ] 2023-03-22 15:53:19.288 [main] LoggerLoad - password entered
[INFO ] 2023-03-22 15:53:22.485 [main] LoggerLoad - Login Failed
[INFO ] 2023-03-22 15:53:23.668 [main] LoggerLoad - user name entered
[INFO ] 2023-03-22 15:53:23.805 [main] LoggerLoad - password entered
[INFO ] 2023-03-22 15:53:26.978 [main] LoggerLoad - Login Failed
[INFO ] 2023-03-22 15:53:28.246 [main] LoggerLoad - user name entered
[INFO ] 2023-03-22 15:53:28.308 [main] LoggerLoad - password entered
[INFO ] 2023-03-22 15:53:31.951 [main] LoggerLoad - Login Passed
[INFO ] 2023-03-22 16:06:59.731 [main] LoggerLoad - Inside base class
[INFO ] 2023-03-22 16:07:03.205 [main] LoggerLoad - chrome browser
[INFO ] 2023-03-22 16:07:04.294 [main] LoggerLoad - Username sent
[INFO ] 2023-03-22 16:07:04.467 [main] LoggerLoad - Password sent
[INFO ] 2023-03-22 16:07:05.242 [main] LoggerLoad - Login button clicked
[INFO ] 2023-03-22 16:26:48.682 [main] LoggerLoad - Inside base class
[INFO ] 2023-03-22 16:26:52.070 [main] LoggerLoad - chrome browser
[INFO ] 2023-03-22 16:26:53.580 [main] LoggerLoad - user name entered
[INFO ] 2023-03-22 16:26:53.740 [main] LoggerLoad - password entered
[INFO ] 2023-03-22 16:26:57.416 [main] LoggerLoad - Login Passed
[INFO ] 2023-03-22 16:27:01.752 [main] LoggerLoad - user name entered
[INFO ] 2023-03-22 16:27:01.915 [main] LoggerLoad - password entered
[INFO ] 2023-03-22 16:27:05.087 [main] LoggerLoad - Login Failed
[INFO ] 2023-03-22 16:27:06.271 [main] LoggerLoad - user name entered
[INFO ] 2023-03-22 16:27:06.382 [main] LoggerLoad - password entered
[INFO ] 2023-03-22 16:27:09.554 [main] LoggerLoad - Login Failed
[INFO ] 2023-03-22 16:27:10.814 [main] LoggerLoad - user name entered
[INFO ] 2023-03-22 16:27:10.891 [main] LoggerLoad - password entered
[INFO ] 2023-03-22 16:27:14.547 [main] LoggerLoad - Login Passed
[INFO ] 2023-03-22 16:29:35.566 [main] LoggerLoad - Inside base class
[INFO ] 2023-03-22 16:29:38.997 [main] LoggerLoad - chrome browser
[INFO ] 2023-03-22 16:29:40.164 [main] LoggerLoad - Username sent
[INFO ] 2023-03-22 16:29:40.245 [main] LoggerLoad - Password sent
[INFO ] 2023-03-22 16:29:41.007 [main] LoggerLoad - Login button clicked
[INFO ] 2023-03-22 16:29:41.222 [main] LoggerLoad - Screenshot taken
[INFO ] 2023-03-22 16:35:39.218 [main] LoggerLoad - Inside base class
[INFO ] 2023-03-22 16:35:42.750 [main] LoggerLoad - chrome browser
[INFO ] 2023-03-22 16:35:45.029 [main] LoggerLoad - Username sent
[INFO ] 2023-03-22 16:35:45.157 [main] LoggerLoad - Password sent
[INFO ] 2023-03-22 16:35:45.798 [main] LoggerLoad - Login button clicked
[INFO ] 2023-03-22 16:35:46.012 [main] LoggerLoad - Screenshot taken
[INFO ] 2023-03-22 16:35:46.012 [main] LoggerLoad - Test Failed
[INFO ] 2023-03-22 16:36:14.479 [main] LoggerLoad - Inside base class
[INFO ] 2023-03-22 16:36:16.372 [main] LoggerLoad - chrome browser
[INFO ] 2023-03-22 16:36:17.422 [main] LoggerLoad - Username sent
[INFO ] 2023-03-22 16:36:17.514 [main] LoggerLoad - Password sent
[INFO ] 2023-03-22 16:36:18.482 [main] LoggerLoad - Login button clicked
[INFO ] 2023-03-22 16:36:18.674 [main] LoggerLoad - Screenshot taken
[INFO ] 2023-03-22 16:36:18.674 [main] LoggerLoad - Test Failed
[INFO ] 2023-03-22 16:46:49.285 [main] LoggerLoad - Inside base class
[INFO ] 2023-03-22 16:46:52.837 [main] LoggerLoad - chrome browser
[INFO ] 2023-03-22 16:46:53.945 [main] LoggerLoad - Username sent
[INFO ] 2023-03-22 16:46:54.031 [main] LoggerLoad - Password sent
[INFO ] 2023-03-22 16:46:54.729 [main] LoggerLoad - Login button clicked
[INFO ] 2023-03-22 16:46:54.986 [main] LoggerLoad - Screenshot taken
[INFO ] 2023-03-22 16:46:54.987 [main] LoggerLoad - Test Failed
[INFO ] 2023-03-22 17:03:34.067 [main] LoggerLoad - Inside base class
[INFO ] 2023-03-22 17:03:39.155 [main] LoggerLoad - chrome browser
[INFO ] 2023-03-22 17:03:40.324 [main] LoggerLoad - Username sent
[INFO ] 2023-03-22 17:03:40.562 [main] LoggerLoad - Password sent
[INFO ] 2023-03-22 17:03:41.460 [main] LoggerLoad - Login button clicked
[INFO ] 2023-03-22 17:03:41.728 [main] LoggerLoad - Screenshot taken
[INFO ] 2023-03-22 17:03:41.728 [main] LoggerLoad - Test Failed
[INFO ] 2023-03-22 17:05:07.620 [main] LoggerLoad - Inside base class
[INFO ] 2023-03-22 17:05:09.346 [main] LoggerLoad - chrome browser
[INFO ] 2023-03-22 17:05:11.091 [main] LoggerLoad - user name entered
[INFO ] 2023-03-22 17:05:11.196 [main] LoggerLoad - password entered
[INFO ] 2023-03-22 17:05:14.978 [main] LoggerLoad - Login Passed
[INFO ] 2023-03-22 17:05:19.359 [main] LoggerLoad - user name entered
[INFO ] 2023-03-22 17:05:19.406 [main] LoggerLoad - password entered
[INFO ] 2023-03-22 17:05:23.268 [main] LoggerLoad - Screenshot taken
[INFO ] 2023-03-22 17:05:23.269 [main] LoggerLoad - Test Failed
[INFO ] 2023-03-22 17:05:23.831 [main] LoggerLoad - user name entered
[INFO ] 2023-03-22 17:05:23.929 [main] LoggerLoad - password entered
[INFO ] 2023-03-22 17:05:27.936 [main] LoggerLoad - Screenshot taken
[INFO ] 2023-03-22 17:05:27.936 [main] LoggerLoad - Test Failed
[INFO ] 2023-03-22 17:05:28.649 [main] LoggerLoad - user name entered
[INFO ] 2023-03-22 17:05:28.700 [main] LoggerLoad - password entered
[INFO ] 2023-03-22 17:05:32.348 [main] LoggerLoad - Login Passed
[INFO ] 2023-03-22 17:14:51.422 [main] LoggerLoad - Inside base class
[INFO ] 2023-03-22 17:14:54.889 [main] LoggerLoad - chrome browser
[INFO ] 2023-03-22 17:14:55.973 [main] LoggerLoad - Username sent
[INFO ] 2023-03-22 17:14:56.081 [main] LoggerLoad - Password sent
[INFO ] 2023-03-22 17:14:56.863 [main] LoggerLoad - Login button clicked
[INFO ] 2023-03-22 17:14:57.086 [main] LoggerLoad - Screenshot taken
[INFO ] 2023-03-22 17:14:57.086 [main] LoggerLoad - Test Failed
[INFO ] 2023-03-22 17:16:11.795 [main] LoggerLoad - Inside base class
[INFO ] 2023-03-22 17:16:13.382 [main] LoggerLoad - chrome browser
[INFO ] 2023-03-22 17:16:15.164 [main] LoggerLoad - user name entered
[INFO ] 2023-03-22 17:16:15.255 [main] LoggerLoad - password entered
[INFO ] 2023-03-22 17:16:19.228 [main] LoggerLoad - Login Passed
[INFO ] 2023-03-22 17:16:23.666 [main] LoggerLoad - user name entered
[INFO ] 2023-03-22 17:16:23.718 [main] LoggerLoad - password entered
[INFO ] 2023-03-22 17:16:28.154 [main] LoggerLoad - user name entered
[INFO ] 2023-03-22 17:16:28.271 [main] LoggerLoad - password entered
[INFO ] 2023-03-22 17:16:32.689 [main] LoggerLoad - user name entered
[INFO ] 2023-03-22 17:16:32.788 [main] LoggerLoad - password entered
[INFO ] 2023-03-22 17:16:36.403 [main] LoggerLoad - Login Passed
[INFO ] 2023-03-22 17:17:54.169 [main] LoggerLoad - Inside base class
[INFO ] 2023-03-22 17:17:55.989 [main] LoggerLoad - chrome browser
[INFO ] 2023-03-22 17:17:57.633 [main] LoggerLoad - user name entered
[INFO ] 2023-03-22 17:17:57.765 [main] LoggerLoad - password entered
[INFO ] 2023-03-22 17:18:01.468 [main] LoggerLoad - Login Passed
[INFO ] 2023-03-22 17:18:06.288 [main] LoggerLoad - user name entered
[INFO ] 2023-03-22 17:18:06.364 [main] LoggerLoad - password entered
[INFO ] 2023-03-22 17:18:10.694 [main] LoggerLoad - user name entered
[INFO ] 2023-03-22 17:18:10.742 [main] LoggerLoad - password entered
[INFO ] 2023-03-22 17:18:15.191 [main] LoggerLoad - user name entered
[INFO ] 2023-03-22 17:18:15.239 [main] LoggerLoad - password entered
[INFO ] 2023-03-22 17:18:18.917 [main] LoggerLoad - Login Passed
[INFO ] 2023-03-22 17:20:33.787 [main] LoggerLoad - Inside base class
[INFO ] 2023-03-22 17:20:37.000 [main] LoggerLoad - chrome browser
[INFO ] 2023-03-22 17:20:38.492 [main] LoggerLoad - user name entered
[INFO ] 2023-03-22 17:20:38.626 [main] LoggerLoad - password entered
[INFO ] 2023-03-22 17:20:49.315 [main] LoggerLoad - Login Passed
[INFO ] 2023-03-22 17:20:53.808 [main] LoggerLoad - user name entered
[INFO ] 2023-03-22 17:20:53.878 [main] LoggerLoad - password entered
[INFO ] 2023-03-22 17:21:05.355 [main] LoggerLoad - user name entered
[INFO ] 2023-03-22 17:21:05.436 [main] LoggerLoad - password entered
[INFO ] 2023-03-22 17:21:16.950 [main] LoggerLoad - user name entered
[INFO ] 2023-03-22 17:21:17.000 [main] LoggerLoad - password entered
[INFO ] 2023-03-22 17:21:27.698 [main] LoggerLoad - Login Passed
[INFO ] 2023-03-22 17:25:48.064 [main] LoggerLoad - Inside base class
[INFO ] 2023-03-22 17:25:49.869 [main] LoggerLoad - chrome browser
[INFO ] 2023-03-22 17:25:51.737 [main] LoggerLoad - user name entered
[INFO ] 2023-03-22 17:25:51.817 [main] LoggerLoad - password entered
[INFO ] 2023-03-22 17:26:02.517 [main] LoggerLoad - Login Passed
[INFO ] 2023-03-22 17:26:07.208 [main] LoggerLoad - user name entered
[INFO ] 2023-03-22 17:26:07.365 [main] LoggerLoad - password entered
[INFO ] 2023-03-22 17:38:45.516 [main] LoggerLoad - Inside base class
[INFO ] 2023-03-22 17:38:49.066 [main] LoggerLoad - chrome browser
[INFO ] 2023-03-22 17:38:50.913 [main] LoggerLoad - user name entered
[INFO ] 2023-03-22 17:38:50.987 [main] LoggerLoad - password entered
[INFO ] 2023-03-22 17:38:56.845 [main] LoggerLoad - Login Passed
[INFO ] 2023-03-22 17:39:01.393 [main] LoggerLoad - user name entered
[INFO ] 2023-03-22 17:39:01.453 [main] LoggerLoad - password entered
[INFO ] 2023-03-22 17:39:06.938 [main] LoggerLoad - Login Failed
[INFO ] 2023-03-22 17:42:00.672 [main] LoggerLoad - Inside base class
[INFO ] 2023-03-22 17:42:03.818 [main] LoggerLoad - chrome browser
[INFO ] 2023-03-22 17:42:05.549 [main] LoggerLoad - user name entered
[INFO ] 2023-03-22 17:42:05.716 [main] LoggerLoad - password entered
[INFO ] 2023-03-22 17:42:11.353 [main] LoggerLoad - Login Passed
[INFO ] 2023-03-22 17:42:15.825 [main] LoggerLoad - user name entered
[INFO ] 2023-03-22 17:42:16.035 [main] LoggerLoad - password entered
[INFO ] 2023-03-22 17:45:06.835 [main] LoggerLoad - Inside base class
[INFO ] 2023-03-22 17:45:10.146 [main] LoggerLoad - chrome browser
[INFO ] 2023-03-22 17:45:11.763 [main] LoggerLoad - user name entered
[INFO ] 2023-03-22 17:45:11.926 [main] LoggerLoad - password entered
[INFO ] 2023-03-22 17:45:17.658 [main] LoggerLoad - Login Passed
[INFO ] 2023-03-22 17:45:22.081 [main] LoggerLoad - user name entered
[INFO ] 2023-03-22 17:45:22.133 [main] LoggerLoad - password entered
[INFO ] 2023-03-22 17:47:28.456 [main] LoggerLoad - Inside base class
[INFO ] 2023-03-22 17:47:31.633 [main] LoggerLoad - chrome browser
[INFO ] 2023-03-22 17:47:33.463 [main] LoggerLoad - user name entered
[INFO ] 2023-03-22 17:47:33.601 [main] LoggerLoad - password entered
[INFO ] 2023-03-22 17:47:34.453 [main] LoggerLoad - Login Passed
[INFO ] 2023-03-22 17:47:38.966 [main] LoggerLoad - user name entered
[INFO ] 2023-03-22 17:47:39.170 [main] LoggerLoad - password entered
[INFO ] 2023-03-22 17:49:05.993 [main] LoggerLoad - Inside base class
[INFO ] 2023-03-22 17:49:07.704 [main] LoggerLoad - chrome browser
[INFO ] 2023-03-22 17:49:09.868 [main] LoggerLoad - user name entered
[INFO ] 2023-03-22 17:49:09.996 [main] LoggerLoad - password entered
[INFO ] 2023-03-22 17:49:10.757 [main] LoggerLoad - Login Passed
[INFO ] 2023-03-22 17:49:15.101 [main] LoggerLoad - user name entered
[INFO ] 2023-03-22 17:49:15.201 [main] LoggerLoad - password entered
[INFO ] 2023-03-22 17:49:16.530 [main] LoggerLoad - user name entered
[INFO ] 2023-03-22 17:49:16.623 [main] LoggerLoad - password entered
[INFO ] 2023-03-22 17:49:17.252 [main] LoggerLoad - Login Passed
[INFO ] 2023-03-22 17:55:44.169 [main] LoggerLoad - Inside base class
[INFO ] 2023-03-22 17:55:47.556 [main] LoggerLoad - chrome browser
[INFO ] 2023-03-22 17:55:49.674 [main] LoggerLoad - user name entered
[INFO ] 2023-03-22 17:55:49.834 [main] LoggerLoad - password entered
[INFO ] 2023-03-22 17:55:55.458 [main] LoggerLoad - Login Passed
[INFO ] 2023-03-22 17:55:59.929 [main] LoggerLoad - user name entered
[INFO ] 2023-03-22 17:56:00.013 [main] LoggerLoad - password entered
[INFO ] 2023-03-22 17:56:10.192 [main] LoggerLoad - isAlertPresent true
[INFO ] 2023-03-22 17:56:11.487 [main] LoggerLoad - user name entered
[INFO ] 2023-03-22 17:56:11.550 [main] LoggerLoad - password entered
[INFO ] 2023-03-22 17:56:17.231 [main] LoggerLoad - Login Passed
[INFO ] 2023-03-22 18:00:29.972 [main] LoggerLoad - Inside base class
[INFO ] 2023-03-22 18:00:33.449 [main] LoggerLoad - chrome browser
[INFO ] 2023-03-22 18:00:35.301 [main] LoggerLoad - user name entered
[INFO ] 2023-03-22 18:00:35.456 [main] LoggerLoad - password entered
[INFO ] 2023-03-22 18:00:41.212 [main] LoggerLoad - Login Passed
[INFO ] 2023-03-22 18:00:45.822 [main] LoggerLoad - user name entered
[INFO ] 2023-03-22 18:00:45.977 [main] LoggerLoad - password entered
[INFO ] 2023-03-22 18:00:56.194 [main] LoggerLoad - isAlertPresent true
[INFO ] 2023-03-22 18:00:56.195 [main] LoggerLoad - Inside capturescreen
[INFO ] 2023-03-22 18:00:56.213 [main] LoggerLoad - Inside capturescreen TimeStampWed_Mar_22_18_00_56_EDT_2023
[INFO ] 2023-03-22 18:00:57.437 [main] LoggerLoad - user name entered
[INFO ] 2023-03-22 18:00:57.597 [main] LoggerLoad - password entered
[INFO ] 2023-03-22 18:01:03.240 [main] LoggerLoad - Login Passed
[INFO ] 2023-03-22 18:04:33.635 [main] LoggerLoad - Inside base class
[INFO ] 2023-03-22 18:04:37.120 [main] LoggerLoad - chrome browser
[INFO ] 2023-03-22 18:04:38.126 [main] LoggerLoad - Username sent
[INFO ] 2023-03-22 18:04:38.318 [main] LoggerLoad - Password sent
[INFO ] 2023-03-22 18:04:39.022 [main] LoggerLoad - Login button clicked
[INFO ] 2023-03-22 18:04:39.029 [main] LoggerLoad - Inside capturescreen
[INFO ] 2023-03-22 18:04:39.036 [main] LoggerLoad - Inside capturescreen TimeStampWed_Mar_22_18_04_39_EDT_2023
[INFO ] 2023-03-22 18:04:39.255 [main] LoggerLoad - Inside capturescreen file sourceC:\Users\thann\AppData\Local\Temp\screenshot10705247962135158996.png
[INFO ] 2023-03-22 18:04:39.255 [main] LoggerLoad - Inside capturescreen file targetE:\Vasanthi-SDET\WorkspaceVasanthi\BankingProject\Screenshots\loginTest_Wed_Mar_22_18_04_39_EDT_2023.png
[INFO ] 2023-03-22 18:04:39.255 [main] LoggerLoad - Inside try Screenshot taken
[INFO ] 2023-03-22 18:04:39.275 [main] LoggerLoad - Screenshot taken
[INFO ] 2023-03-22 18:04:39.276 [main] LoggerLoad - Test Failed
[INFO ] 2023-03-22 18:07:36.192 [main] LoggerLoad - Inside base class
[INFO ] 2023-03-22 18:07:40.520 [main] LoggerLoad - chrome browser
[INFO ] 2023-03-22 18:07:42.513 [main] LoggerLoad - user name entered
[INFO ] 2023-03-22 18:07:42.863 [main] LoggerLoad - password entered
[INFO ] 2023-03-22 18:07:48.616 [main] LoggerLoad - Login Passed
[INFO ] 2023-03-22 18:07:53.108 [main] LoggerLoad - user name entered
[INFO ] 2023-03-22 18:07:53.164 [main] LoggerLoad - password entered
[INFO ] 2023-03-22 18:08:03.334 [main] LoggerLoad - isAlertPresent true
[INFO ] 2023-03-22 18:08:03.334 [main] LoggerLoad - Inside capturescreen
[INFO ] 2023-03-22 18:08:03.349 [main] LoggerLoad - Inside capturescreen TimeStampWed_Mar_22_18_08_03_EDT_2023
[INFO ] 2023-03-22 18:08:04.652 [main] LoggerLoad - user name entered
[INFO ] 2023-03-22 18:08:04.698 [main] LoggerLoad - password entered
[INFO ] 2023-03-22 18:08:10.361 [main] LoggerLoad - Login Passed
[INFO ] 2023-03-22 18:09:25.479 [main] LoggerLoad - Inside base class
[INFO ] 2023-03-22 18:09:27.110 [main] LoggerLoad - chrome browser
[INFO ] 2023-03-22 18:09:28.928 [main] LoggerLoad - user name entered
[INFO ] 2023-03-22 18:09:29.087 [main] LoggerLoad - password entered
[INFO ] 2023-03-22 18:09:34.812 [main] LoggerLoad - Login Passed
[INFO ] 2023-03-22 18:09:39.315 [main] LoggerLoad - user name entered
[INFO ] 2023-03-22 18:09:39.439 [main] LoggerLoad - password entered
[INFO ] 2023-03-22 18:09:49.600 [main] LoggerLoad - isAlertPresent true
[INFO ] 2023-03-22 18:09:49.600 [main] LoggerLoad - Inside capturescreen
[INFO ] 2023-03-22 18:09:49.614 [main] LoggerLoad - Inside capturescreen TimeStampWed_Mar_22_18_09_49_EDT_2023
[INFO ] 2023-03-22 18:09:50.903 [main] LoggerLoad - user name entered
[INFO ] 2023-03-22 18:09:50.949 [main] LoggerLoad - password entered
[INFO ] 2023-03-22 18:09:56.566 [main] LoggerLoad - Login Passed
[INFO ] 2023-03-22 18:14:52.139 [main] LoggerLoad - Inside base class
[INFO ] 2023-03-22 18:14:55.602 [main] LoggerLoad - chrome browser
[INFO ] 2023-03-22 18:14:57.360 [main] LoggerLoad - user name entered
[INFO ] 2023-03-22 18:14:57.477 [main] LoggerLoad - password entered
[INFO ] 2023-03-22 18:15:03.325 [main] LoggerLoad - Login Passed
[INFO ] 2023-03-22 18:15:07.764 [main] LoggerLoad - user name entered
[INFO ] 2023-03-22 18:15:07.817 [main] LoggerLoad - password entered
[INFO ] 2023-03-22 18:15:18.004 [main] LoggerLoad - isAlertPresent true
[INFO ] 2023-03-22 18:15:18.005 [main] LoggerLoad - Inside capturescreen
[INFO ] 2023-03-22 18:15:18.016 [main] LoggerLoad - Inside capturescreen TimeStampWed_Mar_22_18_15_18_EDT_2023
[INFO ] 2023-03-22 18:15:19.316 [main] LoggerLoad - user name entered
[INFO ] 2023-03-22 18:15:19.392 [main] LoggerLoad - password entered
[INFO ] 2023-03-22 18:15:25.017 [main] LoggerLoad - Login Passed
[INFO ] 2023-03-22 18:16:15.299 [main] LoggerLoad - Inside base class
[INFO ] 2023-03-22 18:16:17.090 [main] LoggerLoad - chrome browser
[INFO ] 2023-03-22 18:16:18.167 [main] LoggerLoad - Username sent
[INFO ] 2023-03-22 18:16:18.285 [main] LoggerLoad - Password sent
[INFO ] 2023-03-22 18:16:18.992 [main] LoggerLoad - Login button clicked
[INFO ] 2023-03-22 18:16:19.001 [main] LoggerLoad - Inside capturescreen
[INFO ] 2023-03-22 18:16:19.007 [main] LoggerLoad - Inside capturescreen TimeStampWed_Mar_22_18_16_19_EDT_2023
[INFO ] 2023-03-22 18:16:19.217 [main] LoggerLoad - Inside capturescreen file sourcescreenshot3609065333475786079.png
[INFO ] 2023-03-22 18:16:19.217 [main] LoggerLoad - Inside capturescreen file targetE:\Vasanthi-SDET\WorkspaceVasanthi\BankingProject\Screenshots\loginTest_Wed_Mar_22_18_16_19_EDT_2023.png
[INFO ] 2023-03-22 18:16:19.217 [main] LoggerLoad - Inside try Screenshot taken
[INFO ] 2023-03-22 18:16:19.233 [main] LoggerLoad - Screenshot taken
[INFO ] 2023-03-22 18:16:19.233 [main] LoggerLoad - Test Failed
[INFO ] 2023-03-22 18:17:38.780 [main] LoggerLoad - Inside base class
[INFO ] 2023-03-22 18:17:40.655 [main] LoggerLoad - chrome browser
[INFO ] 2023-03-22 18:17:41.766 [main] LoggerLoad - Username sent
[INFO ] 2023-03-22 18:17:41.873 [main] LoggerLoad - Password sent
[INFO ] 2023-03-22 18:17:42.625 [main] LoggerLoad - Login button clicked
[INFO ] 2023-03-22 18:17:42.639 [main] LoggerLoad - Inside capturescreen
[INFO ] 2023-03-22 18:17:42.651 [main] LoggerLoad - Inside capturescreen TimeStampWed_Mar_22_18_17_42_EDT_2023
[INFO ] 2023-03-22 18:17:42.852 [main] LoggerLoad - Inside capturescreen file sourcescreenshot7440409850160000498.png
[INFO ] 2023-03-22 18:17:42.854 [main] LoggerLoad - Inside capturescreen file targetE:\Vasanthi-SDET\WorkspaceVasanthi\BankingProject\Screenshots\loginTest_Wed_Mar_22_18_17_42_EDT_2023.png
[INFO ] 2023-03-22 18:17:42.854 [main] LoggerLoad - Inside try Screenshot taken
[INFO ] 2023-03-22 18:17:42.869 [main] LoggerLoad - Screenshot taken
[INFO ] 2023-03-22 18:17:42.870 [main] LoggerLoad - Test Failed
[INFO ] 2023-03-22 18:18:09.957 [main] LoggerLoad - Inside base class
[INFO ] 2023-03-22 18:18:11.549 [main] LoggerLoad - chrome browser
[INFO ] 2023-03-22 18:18:13.442 [main] LoggerLoad - user name entered
[INFO ] 2023-03-22 18:18:13.646 [main] LoggerLoad - password entered
[INFO ] 2023-03-22 18:18:19.468 [main] LoggerLoad - Login Passed
[INFO ] 2023-03-22 18:18:24.203 [main] LoggerLoad - user name entered
[INFO ] 2023-03-22 18:18:24.258 [main] LoggerLoad - password entered
[INFO ] 2023-03-22 18:18:34.442 [main] LoggerLoad - isAlertPresent true
[INFO ] 2023-03-22 18:18:34.449 [main] LoggerLoad - Inside capturescreen
[INFO ] 2023-03-22 18:18:34.462 [main] LoggerLoad - Inside capturescreen TimeStampWed_Mar_22_18_18_34_EDT_2023
[INFO ] 2023-03-22 18:18:36.046 [main] LoggerLoad - user name entered
[INFO ] 2023-03-22 18:18:36.226 [main] LoggerLoad - password entered
[INFO ] 2023-03-22 18:18:42.150 [main] LoggerLoad - Login Passed
[INFO ] 2023-03-22 18:20:41.246 [main] LoggerLoad - Inside base class
[INFO ] 2023-03-22 18:20:44.497 [main] LoggerLoad - chrome browser
[INFO ] 2023-03-22 18:20:46.177 [main] LoggerLoad - user name entered
[INFO ] 2023-03-22 18:20:46.336 [main] LoggerLoad - password entered
[INFO ] 2023-03-22 18:20:51.932 [main] LoggerLoad - Login Passed
[INFO ] 2023-03-22 18:20:56.249 [main] LoggerLoad - user name entered
[INFO ] 2023-03-22 18:20:56.301 [main] LoggerLoad - password entered
[INFO ] 2023-03-22 18:21:06.473 [main] LoggerLoad - isAlertPresent true
[INFO ] 2023-03-22 18:21:06.474 [main] LoggerLoad - Inside capturescreen
[INFO ] 2023-03-22 18:21:06.486 [main] LoggerLoad - Inside capturescreen TimeStampWed_Mar_22_18_21_06_EDT_2023
[INFO ] 2023-03-22 18:21:07.676 [main] LoggerLoad - user name entered
[INFO ] 2023-03-22 18:21:07.859 [main] LoggerLoad - password entered
[INFO ] 2023-03-22 18:21:13.506 [main] LoggerLoad - Login Passed
[INFO ] 2023-03-22 18:22:28.873 [main] LoggerLoad - Inside base class
[INFO ] 2023-03-22 18:22:30.534 [main] LoggerLoad - chrome browser
[INFO ] 2023-03-22 18:22:32.464 [main] LoggerLoad - user name entered
[INFO ] 2023-03-22 18:22:32.702 [main] LoggerLoad - password entered
[INFO ] 2023-03-22 18:22:42.940 [main] LoggerLoad - isAlertPresent true
[INFO ] 2023-03-22 18:22:42.940 [main] LoggerLoad - Inside capturescreen
[INFO ] 2023-03-22 18:22:42.957 [main] LoggerLoad - Inside capturescreen TimeStampWed_Mar_22_18_22_42_EDT_2023
[INFO ] 2023-03-22 18:22:44.257 [main] LoggerLoad - user name entered
[INFO ] 2023-03-22 18:22:44.322 [main] LoggerLoad - password entered
[INFO ] 2023-03-22 18:22:49.968 [main] LoggerLoad - Login Passed
[INFO ] 2023-03-22 18:22:54.636 [main] LoggerLoad - user name entered
[INFO ] 2023-03-22 18:22:54.720 [main] LoggerLoad - password entered
[INFO ] 2023-03-22 18:23:00.562 [main] LoggerLoad - Login Passed
[INFO ] 2023-03-22 18:24:23.049 [main] LoggerLoad - Inside base class
[INFO ] 2023-03-22 18:24:25.057 [main] LoggerLoad - chrome browser
[INFO ] 2023-03-22 18:24:27.134 [main] LoggerLoad - user name entered
[INFO ] 2023-03-22 18:24:27.259 [main] LoggerLoad - password entered
[INFO ] 2023-03-22 18:24:37.550 [main] LoggerLoad - isAlertPresent true
[INFO ] 2023-03-22 18:24:37.552 [main] LoggerLoad - Inside capturescreen
[INFO ] 2023-03-22 18:24:37.572 [main] LoggerLoad - Inside capturescreen TimeStampWed_Mar_22_18_24_37_EDT_2023
[INFO ] 2023-03-22 18:24:39.111 [main] LoggerLoad - user name entered
[INFO ] 2023-03-22 18:24:39.180 [main] LoggerLoad - password entered
[INFO ] 2023-03-22 18:24:45.374 [main] LoggerLoad - Login Passed
[INFO ] 2023-03-22 18:24:49.975 [main] LoggerLoad - user name entered
[INFO ] 2023-03-22 18:24:50.031 [main] LoggerLoad - password entered
[INFO ] 2023-03-22 18:24:55.707 [main] LoggerLoad - Login Passed
[INFO ] 2023-03-22 18:28:02.427 [main] LoggerLoad - Inside base class
[INFO ] 2023-03-22 18:28:05.778 [main] LoggerLoad - chrome browser
[INFO ] 2023-03-22 18:28:07.723 [main] LoggerLoad - user name entered
[INFO ] 2023-03-22 18:28:07.855 [main] LoggerLoad - password entered
[INFO ] 2023-03-22 18:28:18.083 [main] LoggerLoad - isAlertPresent true
[INFO ] 2023-03-22 18:28:18.084 [main] LoggerLoad - Inside capturescreen
[INFO ] 2023-03-22 18:28:18.095 [main] LoggerLoad - Inside capturescreen TimeStampWed_Mar_22_18_28_18_EDT_2023
[INFO ] 2023-03-22 18:28:19.204 [main] LoggerLoad - user name entered
[INFO ] 2023-03-22 18:28:19.251 [main] LoggerLoad - password entered
[INFO ] 2023-03-22 18:28:24.936 [main] LoggerLoad - Inside capturescreen
[INFO ] 2023-03-22 18:28:24.937 [main] LoggerLoad - Inside capturescreen TimeStampWed_Mar_22_18_28_24_EDT_2023
[INFO ] 2023-03-22 18:28:25.119 [main] LoggerLoad - Inside capturescreen file sourcescreenshot9620737916889965777.png
[INFO ] 2023-03-22 18:28:25.120 [main] LoggerLoad - Inside capturescreen file targetE:\Vasanthi-SDET\WorkspaceVasanthi\BankingProject\Screenshots\loginTest2_Wed_Mar_22_18_28_24_EDT_2023.png
[INFO ] 2023-03-22 18:28:25.120 [main] LoggerLoad - Inside try Screenshot taken
[INFO ] 2023-03-22 18:28:25.130 [main] LoggerLoad - Screenshot taken
[INFO ] 2023-03-22 18:28:25.130 [main] LoggerLoad - Test Failed
[INFO ] 2023-03-22 18:28:25.132 [main] LoggerLoad - Login Passed
[INFO ] 2023-03-22 18:28:29.561 [main] LoggerLoad - user name entered
[INFO ] 2023-03-22 18:28:29.633 [main] LoggerLoad - password entered
[INFO ] 2023-03-22 18:28:35.337 [main] LoggerLoad - Inside capturescreen
[INFO ] 2023-03-22 18:28:35.337 [main] LoggerLoad - Inside capturescreen TimeStampWed_Mar_22_18_28_35_EDT_2023
[INFO ] 2023-03-22 18:28:35.498 [main] LoggerLoad - Inside capturescreen file sourcescreenshot16413317190651554016.png
[INFO ] 2023-03-22 18:28:35.498 [main] LoggerLoad - Inside capturescreen file targetE:\Vasanthi-SDET\WorkspaceVasanthi\BankingProject\Screenshots\loginTest2_Wed_Mar_22_18_28_35_EDT_2023.png
[INFO ] 2023-03-22 18:28:35.499 [main] LoggerLoad - Inside try Screenshot taken
[INFO ] 2023-03-22 18:28:35.501 [main] LoggerLoad - Screenshot taken
[INFO ] 2023-03-22 18:28:35.501 [main] LoggerLoad - Test Failed
[INFO ] 2023-03-22 18:28:35.501 [main] LoggerLoad - Login Passed
[INFO ] 2023-03-22 18:33:41.797 [main] LoggerLoad - Inside base class
[INFO ] 2023-03-22 18:33:45.253 [main] LoggerLoad - chrome browser
[INFO ] 2023-03-22 18:33:47.145 [main] LoggerLoad - user name entered
[INFO ] 2023-03-22 18:33:47.353 [main] LoggerLoad - password entered
[INFO ] 2023-03-22 18:33:57.590 [main] LoggerLoad - isAlertPresent true
[INFO ] 2023-03-22 18:33:57.591 [main] LoggerLoad - Inside capturescreen
[INFO ] 2023-03-22 18:33:57.607 [main] LoggerLoad - Inside capturescreen TimeStampWed_Mar_22_18_33_57_EDT_2023
[INFO ] 2023-03-22 18:33:58.777 [main] LoggerLoad - user name entered
[INFO ] 2023-03-22 18:33:58.871 [main] LoggerLoad - password entered
[INFO ] 2023-03-22 18:34:04.603 [main] LoggerLoad - Inside capturescreen
[INFO ] 2023-03-22 18:34:04.604 [main] LoggerLoad - Inside capturescreen TimeStampWed_Mar_22_18_34_04_EDT_2023
[INFO ] 2023-03-22 18:34:04.769 [main] LoggerLoad - Inside capturescreen file sourcescreenshot3400414562969404754.png
[INFO ] 2023-03-22 18:34:04.769 [main] LoggerLoad - Inside capturescreen file targetE:\Vasanthi-SDET\WorkspaceVasanthi\BankingProject\Screenshots\loginTest2_Wed_Mar_22_18_34_04_EDT_2023.png
[INFO ] 2023-03-22 18:34:04.769 [main] LoggerLoad - Inside try Screenshot taken
[INFO ] 2023-03-22 18:34:04.779 [main] LoggerLoad - Screenshot taken
[INFO ] 2023-03-22 18:34:04.779 [main] LoggerLoad - Test Failed
[INFO ] 2023-03-22 18:34:04.781 [main] LoggerLoad - Login Passed
[INFO ] 2023-03-22 18:34:08.050 [main] LoggerLoad - if else isAlertPresent true after screenshot alert close
[INFO ] 2023-03-22 18:34:09.306 [main] LoggerLoad - user name entered
[INFO ] 2023-03-22 18:34:09.433 [main] LoggerLoad - password entered
[INFO ] 2023-03-22 18:34:15.130 [main] LoggerLoad - Inside capturescreen
[INFO ] 2023-03-22 18:34:15.131 [main] LoggerLoad - Inside capturescreen TimeStampWed_Mar_22_18_34_15_EDT_2023
[INFO ] 2023-03-22 18:34:15.288 [main] LoggerLoad - Inside capturescreen file sourcescreenshot16406720598003099656.png
[INFO ] 2023-03-22 18:34:15.288 [main] LoggerLoad - Inside capturescreen file targetE:\Vasanthi-SDET\WorkspaceVasanthi\BankingProject\Screenshots\loginTest2_Wed_Mar_22_18_34_15_EDT_2023.png
[INFO ] 2023-03-22 18:34:15.288 [main] LoggerLoad - Inside try Screenshot taken
[INFO ] 2023-03-22 18:34:15.291 [main] LoggerLoad - Screenshot taken
[INFO ] 2023-03-22 18:34:15.291 [main] LoggerLoad - Test Failed
[INFO ] 2023-03-22 18:34:15.291 [main] LoggerLoad - Login Passed
[INFO ] 2023-03-22 18:34:18.617 [main] LoggerLoad - if else isAlertPresent true after screenshot alert close
[INFO ] 2023-03-22 18:45:53.870 [main] LoggerLoad - Inside base class
[INFO ] 2023-03-22 18:45:57.467 [main] LoggerLoad - chrome browser
[INFO ] 2023-03-22 18:45:59.274 [main] LoggerLoad - user name entered
[INFO ] 2023-03-22 18:45:59.530 [main] LoggerLoad - password entered
[INFO ] 2023-03-22 18:46:04.693 [main] LoggerLoad - Inside capturescreen
[INFO ] 2023-03-22 18:46:04.705 [main] LoggerLoad - Inside capturescreen TimeStampWed_Mar_22_18_46_04_EDT_2023
[INFO ] 2023-03-22 18:46:05.802 [main] LoggerLoad - user name entered
[INFO ] 2023-03-22 18:46:05.849 [main] LoggerLoad - password entered
[INFO ] 2023-03-22 18:46:11.453 [main] LoggerLoad - Inside capturescreen
[INFO ] 2023-03-22 18:46:11.454 [main] LoggerLoad - Inside capturescreen TimeStampWed_Mar_22_18_46_11_EDT_2023
[INFO ] 2023-03-22 18:46:11.606 [main] LoggerLoad - Inside capturescreen file sourcescreenshot8841596054777488171.png
[INFO ] 2023-03-22 18:46:11.606 [main] LoggerLoad - Inside capturescreen file targetE:\Vasanthi-SDET\WorkspaceVasanthi\BankingProject\Screenshots\loginTest2_Wed_Mar_22_18_46_11_EDT_2023.png
[INFO ] 2023-03-22 18:46:11.606 [main] LoggerLoad - Inside try Screenshot taken
[INFO ] 2023-03-22 18:46:11.616 [main] LoggerLoad - Screenshot taken
[INFO ] 2023-03-22 18:46:11.617 [main] LoggerLoad - Test Failed
[INFO ] 2023-03-22 18:46:11.617 [main] LoggerLoad - isAlertPresent true
[INFO ] 2023-03-22 18:46:11.617 [main] LoggerLoad - isAlertPresent true after screenshot
[INFO ] 2023-03-22 18:46:12.271 [main] LoggerLoad - user name entered
[INFO ] 2023-03-22 18:46:12.353 [main] LoggerLoad - password entered
[INFO ] 2023-03-22 18:46:17.911 [main] LoggerLoad - Inside capturescreen
[INFO ] 2023-03-22 18:46:17.912 [main] LoggerLoad - Inside capturescreen TimeStampWed_Mar_22_18_46_17_EDT_2023
[INFO ] 2023-03-22 18:46:18.081 [main] LoggerLoad - Inside capturescreen file sourcescreenshot5656423450213122834.png
[INFO ] 2023-03-22 18:46:18.081 [main] LoggerLoad - Inside capturescreen file targetE:\Vasanthi-SDET\WorkspaceVasanthi\BankingProject\Screenshots\loginTest2_Wed_Mar_22_18_46_17_EDT_2023.png
[INFO ] 2023-03-22 18:46:18.081 [main] LoggerLoad - Inside try Screenshot taken
[INFO ] 2023-03-22 18:46:18.084 [main] LoggerLoad - Screenshot taken
[INFO ] 2023-03-22 18:46:18.084 [main] LoggerLoad - Test Failed
[INFO ] 2023-03-22 18:46:18.085 [main] LoggerLoad - isAlertPresent true
[INFO ] 2023-03-22 18:46:18.085 [main] LoggerLoad - isAlertPresent true after screenshot
[INFO ] 2023-03-22 18:48:14.461 [main] LoggerLoad - Inside base class
[INFO ] 2023-03-22 18:48:18.261 [main] LoggerLoad - chrome browser
[INFO ] 2023-03-22 18:48:20.404 [main] LoggerLoad - user name entered
[INFO ] 2023-03-22 18:48:20.590 [main] LoggerLoad - password entered
[INFO ] 2023-03-22 18:48:25.774 [main] LoggerLoad - Inside capturescreen
[INFO ] 2023-03-22 18:48:25.786 [main] LoggerLoad - Inside capturescreen TimeStampWed_Mar_22_18_48_25_EDT_2023
[INFO ] 2023-03-22 18:48:27.035 [main] LoggerLoad - user name entered
[INFO ] 2023-03-22 18:48:27.135 [main] LoggerLoad - password entered
[INFO ] 2023-03-22 18:48:32.707 [main] LoggerLoad - Inside capturescreen
[INFO ] 2023-03-22 18:48:32.709 [main] LoggerLoad - Inside capturescreen TimeStampWed_Mar_22_18_48_32_EDT_2023
[INFO ] 2023-03-22 18:48:32.887 [main] LoggerLoad - Inside capturescreen file sourcescreenshot986975448687124198.png
[INFO ] 2023-03-22 18:48:32.887 [main] LoggerLoad - Inside capturescreen file targetE:\Vasanthi-SDET\WorkspaceVasanthi\BankingProject\Screenshots\loginTest2_Wed_Mar_22_18_48_32_EDT_2023.png
[INFO ] 2023-03-22 18:48:32.887 [main] LoggerLoad - Inside try Screenshot taken
[INFO ] 2023-03-22 18:48:32.895 [main] LoggerLoad - Screenshot taken
[INFO ] 2023-03-22 18:48:32.900 [main] LoggerLoad - Test Failed
[INFO ] 2023-03-22 18:48:32.900 [main] LoggerLoad - isAlertPresent true
[INFO ] 2023-03-22 18:48:32.900 [main] LoggerLoad - isAlertPresent true after screenshot
[INFO ] 2023-03-22 18:48:33.573 [main] LoggerLoad - user name entered
[INFO ] 2023-03-22 18:48:33.662 [main] LoggerLoad - password entered
[INFO ] 2023-03-22 18:48:39.349 [main] LoggerLoad - Inside capturescreen
[INFO ] 2023-03-22 18:48:39.350 [main] LoggerLoad - Inside capturescreen TimeStampWed_Mar_22_18_48_39_EDT_2023
[INFO ] 2023-03-22 18:48:39.499 [main] LoggerLoad - Inside capturescreen file sourcescreenshot3182670298511359704.png
[INFO ] 2023-03-22 18:48:39.499 [main] LoggerLoad - Inside capturescreen file targetE:\Vasanthi-SDET\WorkspaceVasanthi\BankingProject\Screenshots\loginTest2_Wed_Mar_22_18_48_39_EDT_2023.png
[INFO ] 2023-03-22 18:48:39.499 [main] LoggerLoad - Inside try Screenshot taken
[INFO ] 2023-03-22 18:48:39.502 [main] LoggerLoad - Screenshot taken
[INFO ] 2023-03-22 18:48:39.502 [main] LoggerLoad - Test Failed
[INFO ] 2023-03-22 18:48:39.503 [main] LoggerLoad - isAlertPresent true
[INFO ] 2023-03-22 18:48:39.503 [main] LoggerLoad - isAlertPresent true after screenshot
[INFO ] 2023-03-22 18:49:46.946 [main] LoggerLoad - Inside base class
[INFO ] 2023-03-22 18:49:48.535 [main] LoggerLoad - chrome browser
[INFO ] 2023-03-22 18:49:50.332 [main] LoggerLoad - user name entered
[INFO ] 2023-03-22 18:49:50.446 [main] LoggerLoad - password entered
[INFO ] 2023-03-22 18:49:56.116 [main] LoggerLoad - Inside capturescreen
[INFO ] 2023-03-22 18:49:56.130 [main] LoggerLoad - Inside capturescreen TimeStampWed_Mar_22_18_49_56_EDT_2023
[INFO ] 2023-03-22 18:49:56.315 [main] LoggerLoad - Inside capturescreen file sourcescreenshot15949084825342160464.png
[INFO ] 2023-03-22 18:49:56.315 [main] LoggerLoad - Inside capturescreen file targetE:\Vasanthi-SDET\WorkspaceVasanthi\BankingProject\Screenshots\loginTest2_Wed_Mar_22_18_49_56_EDT_2023.png
[INFO ] 2023-03-22 18:49:56.315 [main] LoggerLoad - Inside try Screenshot taken
[INFO ] 2023-03-22 18:49:56.325 [main] LoggerLoad - Screenshot taken
[INFO ] 2023-03-22 18:49:56.325 [main] LoggerLoad - Test Failed
[INFO ] 2023-03-22 18:49:56.325 [main] LoggerLoad - isAlertPresent true
[INFO ] 2023-03-22 18:49:56.325 [main] LoggerLoad - isAlertPresent true after screenshot
[INFO ] 2023-03-22 18:49:57.022 [main] LoggerLoad - user name entered
[INFO ] 2023-03-22 18:49:57.076 [main] LoggerLoad - password entered
[INFO ] 2023-03-22 18:50:02.695 [main] LoggerLoad - Inside capturescreen
[INFO ] 2023-03-22 18:50:02.696 [main] LoggerLoad - Inside capturescreen TimeStampWed_Mar_22_18_50_02_EDT_2023
[INFO ] 2023-03-22 18:50:02.851 [main] LoggerLoad - Inside capturescreen file sourcescreenshot15112702097300026157.png
[INFO ] 2023-03-22 18:50:02.851 [main] LoggerLoad - Inside capturescreen file targetE:\Vasanthi-SDET\WorkspaceVasanthi\BankingProject\Screenshots\loginTest2_Wed_Mar_22_18_50_02_EDT_2023.png
[INFO ] 2023-03-22 18:50:02.851 [main] LoggerLoad - Inside try Screenshot taken
[INFO ] 2023-03-22 18:50:02.862 [main] LoggerLoad - Screenshot taken
[INFO ] 2023-03-22 18:50:02.862 [main] LoggerLoad - Test Failed
[INFO ] 2023-03-22 18:50:02.862 [main] LoggerLoad - isAlertPresent true
[INFO ] 2023-03-22 18:50:02.862 [main] LoggerLoad - isAlertPresent true after screenshot
[INFO ] 2023-03-22 18:50:03.541 [main] LoggerLoad - user name entered
[INFO ] 2023-03-22 18:50:03.734 [main] LoggerLoad - password entered
[INFO ] 2023-03-22 18:50:08.874 [main] LoggerLoad - Inside capturescreen
[INFO ] 2023-03-22 18:50:08.874 [main] LoggerLoad - Inside capturescreen TimeStampWed_Mar_22_18_50_08_EDT_2023
[INFO ] 2023-03-22 18:51:11.784 [main] LoggerLoad - Inside base class
[INFO ] 2023-03-22 18:51:13.640 [main] LoggerLoad - chrome browser
[INFO ] 2023-03-22 18:51:15.481 [main] LoggerLoad - user name entered
[INFO ] 2023-03-22 18:51:15.588 [main] LoggerLoad - password entered
[INFO ] 2023-03-22 18:51:21.260 [main] LoggerLoad - Login Passed
[INFO ] 2023-03-22 18:51:24.501 [main] LoggerLoad - if else isAlertPresent true after screenshot alert close
[INFO ] 2023-03-22 18:51:25.636 [main] LoggerLoad - user name entered
[INFO ] 2023-03-22 18:51:25.861 [main] LoggerLoad - password entered
[INFO ] 2023-03-22 18:51:31.523 [main] LoggerLoad - Login Passed
[INFO ] 2023-03-22 18:51:34.752 [main] LoggerLoad - if else isAlertPresent true after screenshot alert close
[INFO ] 2023-03-22 18:51:35.920 [main] LoggerLoad - user name entered
[INFO ] 2023-03-22 18:51:35.979 [main] LoggerLoad - password entered
[INFO ] 2023-03-22 18:51:41.157 [main] LoggerLoad - Inside capturescreen
[INFO ] 2023-03-22 18:51:41.169 [main] LoggerLoad - Inside capturescreen TimeStampWed_Mar_22_18_51_41_EDT_2023
